RUNIT TEST PROTOCOL -- Wed Mar  7 22:54:11 2018 
*********************************************** 
Number of test functions: 5 
Number of errors: 0 
Number of failures: 0 

 
1 Test Suite : 
rasciidoc_unit_test - 5 test functions, 0 errors, 0 failures



Details 
*************************** 
Test Suite: rasciidoc_unit_test 
Test function regexp: ^test_+ 
Test file regexp: ^.*\.[rR] 
Involved directory: 
inst/runit_tests 
--------------------------- 
Test file: inst/runit_tests/runit-render.R 
test_adjusting_hooks: (11 checks) ... OK (0.23 seconds)
test_knit_spin: (2 checks) ... OK (15 seconds)
test_render_simple: (4 checks) ... OK (4.89 seconds)
test_render_slides: (2 checks) ... OK (4.15 seconds)
--------------------------- 
Test file: inst/runit_tests/runit-throw.R 
test_exception: (1 checks) ... OK (0 seconds)
